<?xml version="1.0" encoding="UTF-8"?>
<!-- Generated by org.testng.reporters.JUnitReportReporter -->
<testsuite hostname="DESKTOP-K2DMNB5" failures="0" tests="2" name="website.Homepage" time="23.122" errors="0" timestamp="2024-05-01T17:03:07 IST" skipped="1">
  <testcase classname="website.Homepage" name="subscriptionPlanChange" time="23.122"/>
  <system-out/>
  <testcase classname="website.Homepage" name="Features">
    <skipped/>
  </testcase> <!-- Features -->
  <system-out/>
</testsuite> <!-- website.Homepage -->
